<?xml version="1.0" encoding="UTF-8"?>
<!-- Generated by org.testng.reporters.JUnitReportReporter -->
<testsuite hostname="Temps-MBP.linuxuniverse" failures="0" tests="1" name="testNG.testApiAf" time="0.624" errors="0" timestamp="2021-08-02T09:31:41 MDT" skipped="0">
  <testcase classname="testNG.testApiAf" name="checkResponse" time="0.624"/>
  <system-out/>
</testsuite> <!-- testNG.testApiAf -->
