<?xml version="1.0" encoding="UTF-8"?>
<!-- Generated by org.testng.reporters.JUnitReportReporter -->
<testsuite hostname="Temps-MBP.linuxuniverse" failures="0" tests="5" name="testNG.webUiHomePage" time="9.096" errors="0" timestamp="2021-08-02T09:31:38 MDT" skipped="0">
  <testcase classname="testNG.webUiHomePage" name="checkHeaderElement" time="0.546"/>
  <system-out/>
  <testcase classname="testNG.webUiHomePage" name="checkLogoElement" time="2.817"/>
  <system-out/>
  <testcase classname="testNG.webUiHomePage" name="checkFooterElement" time="0.367"/>
  <system-out/>
  <testcase classname="testNG.webUiHomePage" name="checkBodyElement" time="0.425"/>
  <system-out/>
  <testcase classname="testNG.webUiHomePage" name="checkPageLoginFlow" time="4.941"/>
  <system-out/>
</testsuite> <!-- testNG.webUiHomePage -->
