<?xml version="1.0" encoding="UTF-8"?>
<!-- Generated by org.testng.reporters.JUnitReportReporter -->
<testsuite hostname="Temps-MBP.linuxuniverse" failures="0" tests="5" name="testNG.webUiHomePage" time="9.808" errors="0" timestamp="2021-08-02T00:24:58 MDT" skipped="0">
  <testcase classname="testNG.webUiHomePage" name="checkHeaderElement" time="0.894"/>
  <system-out/>
  <testcase classname="testNG.webUiHomePage" name="checkLogoElement" time="2.435"/>
  <system-out/>
  <testcase classname="testNG.webUiHomePage" name="checkFooterElement" time="0.421"/>
  <system-out/>
  <testcase classname="testNG.webUiHomePage" name="checkBodyElement" time="0.418"/>
  <system-out/>
  <testcase classname="testNG.webUiHomePage" name="checkPageLoginFlow" time="5.640"/>
  <system-out/>
</testsuite> <!-- testNG.webUiHomePage -->
